<?xml version="1.0" encoding="UTF-8"?>
<!-- Generated by org.testng.reporters.JUnitReportReporter -->
<testsuite hostname="DESKTOP-DR9DKED" name="com.windowhandles.TestScripts.HomePageTest" tests="2" failures="0" timestamp="7 Feb 2021 11:30:59 GMT" time="80.957" errors="0">
  <testcase name="whandle" time="74.663" classname="com.windowhandles.TestScripts.HomePageTest"/>
  <testcase name="homepage" time="6.294" classname="com.windowhandles.TestScripts.HomePageTest"/>
</testsuite> <!-- com.windowhandles.TestScripts.HomePageTest -->
